Running: C:\Xilinx\14.7\ISE_DS\ISE\bin\nt64\unwrapped\fuse.exe -intstyle ise -incremental -lib secureip -o C:/Users/thanotos/Documents/FPGA/arith_circ_2/tb_arith_unit_isim_beh.exe -prj C:/Users/thanotos/Documents/FPGA/arith_circ_2/tb_arith_unit_beh.prj work.tb_arith_unit 
ISim P.20131013 (signature 0x7708f090)
Number of CPUs detected in this system: 4
Turning on mult-threading, number of parallel sub-compilation jobs: 8 
Determining compilation order of HDL files
Parsing VHDL file "C:/Users/thanotos/Documents/FPGA/arith_circ_2/mux4.vhd" into library work
Parsing VHDL file "C:/Users/thanotos/Documents/FPGA/arith_circ_2/full_adder.vhd" into library work
Parsing VHDL file "C:/Users/thanotos/Documents/FPGA/arith_circ_2/arith_unit.vhd" into library work
Parsing VHDL file "C:/Users/thanotos/Documents/FPGA/arith_circ_2/tb_arith_unit.vhd" into library work
Starting static elaboration
Completed static elaboration
Compiling package standard
Compiling package std_logic_1164
Compiling architecture rtl of entity mux4 [\mux4(4)\]
Compiling architecture rtl of entity full_adder [full_adder_default]
Compiling architecture rtl of entity arith_unit [arith_unit_default]
Compiling architecture behavior of entity tb_arith_unit
Time Resolution for simulation is 1ps.
Waiting for 1 sub-compilation(s) to finish...
Compiled 9 VHDL Units
Built simulation executable C:/Users/thanotos/Documents/FPGA/arith_circ_2/tb_arith_unit_isim_beh.exe
Fuse Memory Usage: 30012 KB
Fuse CPU Usage: 498 ms
