ISim log file
Running: C:\Users\Alireza\Desktop\CALC\BCD_Sev\BCD_Sev_isim_beh.exe -intstyle ise -gui -tclbatch isim.cmd -wdb C:/Users/Alireza/Desktop/CALC/BCD_Sev/BCD_Sev_isim_beh.wdb 
ISim P.20131013 (signature 0x7708f090)
----------------------------------------------------------------------
INFO:Security:50 - The XILINXD_LICENSE_FILE environment variable is set to 'C:\Users\Alireza\Desktop\Xilinx.ISE.Design.Suite.v14.7\Crack\xilinx_ise.lic'.
INFO:Security:53 - The LM_LICENSE_FILE environment variable is not set.
WARNING:Security:43 - No license file was found in the standard Xilinx license directory.
WARNING:Security:44 - Since no license file was found,
       please run the Xilinx License Configuration Manager
       (xlcm or "Manage Xilinx Licenses")
       to assist in obtaining a license.
WARNING:Security:42 - Your software subscription period has lapsed. Your current version of Xilinx tools will continue to function, but you no longer qualify for Xilinx software updates or new releases.


----------------------------------------------------------------------
This is a Full version of ISim.
Time resolution is 1 ps
# onerror resume
# wave add /
# run 1000 ns
Simulator is doing circuit initialization process.
Finished circuit initialization process.
# isim force add /bcd_sev/bcd 1010 -radix bin
# run 1.00us
# run 1.00us
# isim force add /bcd_sev/bcd 0101 -radix bin
# run 1.00us
