--------------------------------------------------------------------------------
Release 14.7 Trace  (nt64)
Copyright (c) 1995-2013 Xilinx, Inc.  All rights reserved.

C:\Xilinx\14.7\ISE_DS\ISE\bin\nt64\unwrapped\trce.exe -intstyle ise -v 3 -s 2
-n 3 -fastpaths -xml serial_adder.twx serial_adder.ncd -o serial_adder.twr
serial_adder.pcf

Design file:              serial_adder.ncd
Physical constraint file: serial_adder.pcf
Device,package,speed:     xc6slx150t,fgg676,C,-2 (PRODUCTION 1.23 2013-10-13)
Report level:             verbose report

Environment Variable      Effect 
--------------------      ------ 
NONE                      No environment variables were set
--------------------------------------------------------------------------------

INFO:Timing:2698 - No timing constraints found, doing default enumeration.
INFO:Timing:3412 - To improve timing, see the Timing Closure User Guide (UG612).
INFO:Timing:2752 - To get complete path coverage, use the unconstrained paths 
   option. All paths that are not constrained will be reported in the 
   unconstrained paths section(s) of the report.
INFO:Timing:3339 - The clock-to-out numbers in this timing report are based on 
   a 50 Ohm transmission line loading model.  For the details of this model, 
   and for more information on accounting for different loading conditions, 
   please see the device datasheet.



Data Sheet report:
-----------------
All values displayed in nanoseconds (ns)

Setup/Hold to clock clk
------------+------------+------------+------------+------------+------------------+--------+
            |Max Setup to|  Process   |Max Hold to |  Process   |                  | Clock  |
Source      | clk (edge) |   Corner   | clk (edge) |   Corner   |Internal Clock(s) | Phase  |
------------+------------+------------+------------+------------+------------------+--------+
a_in<0>     |    6.151(R)|      SLOW  |   -3.316(R)|      FAST  |clk_BUFGP         |   0.000|
a_in<1>     |    5.176(R)|      SLOW  |   -2.837(R)|      FAST  |clk_BUFGP         |   0.000|
a_in<2>     |    5.783(R)|      SLOW  |   -3.130(R)|      FAST  |clk_BUFGP         |   0.000|
a_in<3>     |    5.344(R)|      SLOW  |   -2.935(R)|      FAST  |clk_BUFGP         |   0.000|
a_in<4>     |    6.417(R)|      SLOW  |   -3.484(R)|      FAST  |clk_BUFGP         |   0.000|
a_in<5>     |    5.730(R)|      SLOW  |   -3.185(R)|      FAST  |clk_BUFGP         |   0.000|
a_in<6>     |    7.067(R)|      SLOW  |   -3.694(R)|      FAST  |clk_BUFGP         |   0.000|
a_in<7>     |    6.247(R)|      SLOW  |   -3.324(R)|      FAST  |clk_BUFGP         |   0.000|
a_in<8>     |    7.621(R)|      SLOW  |   -4.001(R)|      FAST  |clk_BUFGP         |   0.000|
a_in<9>     |    7.282(R)|      SLOW  |   -3.885(R)|      FAST  |clk_BUFGP         |   0.000|
a_in<10>    |    6.297(R)|      SLOW  |   -3.265(R)|      FAST  |clk_BUFGP         |   0.000|
a_in<11>    |    5.973(R)|      SLOW  |   -3.171(R)|      FAST  |clk_BUFGP         |   0.000|
a_in<12>    |    6.699(R)|      SLOW  |   -3.502(R)|      FAST  |clk_BUFGP         |   0.000|
a_in<13>    |    5.793(R)|      SLOW  |   -3.056(R)|      FAST  |clk_BUFGP         |   0.000|
a_in<14>    |    6.326(R)|      SLOW  |   -3.292(R)|      FAST  |clk_BUFGP         |   0.000|
a_in<15>    |    6.298(R)|      SLOW  |   -3.342(R)|      FAST  |clk_BUFGP         |   0.000|
a_in<16>    |    6.457(R)|      SLOW  |   -3.373(R)|      FAST  |clk_BUFGP         |   0.000|
a_in<17>    |    6.171(R)|      SLOW  |   -3.248(R)|      FAST  |clk_BUFGP         |   0.000|
a_in<18>    |    5.115(R)|      SLOW  |   -2.652(R)|      FAST  |clk_BUFGP         |   0.000|
a_in<19>    |    4.480(R)|      SLOW  |   -2.322(R)|      FAST  |clk_BUFGP         |   0.000|
a_in<20>    |    5.140(R)|      SLOW  |   -2.658(R)|      FAST  |clk_BUFGP         |   0.000|
a_in<21>    |    5.360(R)|      SLOW  |   -2.834(R)|      FAST  |clk_BUFGP         |   0.000|
a_in<22>    |    3.284(R)|      SLOW  |   -1.659(R)|      FAST  |clk_BUFGP         |   0.000|
a_in<23>    |    3.470(R)|      SLOW  |   -1.791(R)|      FAST  |clk_BUFGP         |   0.000|
a_in<24>    |    3.627(R)|      SLOW  |   -1.822(R)|      FAST  |clk_BUFGP         |   0.000|
a_in<25>    |    3.248(R)|      SLOW  |   -1.659(R)|      FAST  |clk_BUFGP         |   0.000|
a_in<26>    |    3.119(R)|      SLOW  |   -1.542(R)|      FAST  |clk_BUFGP         |   0.000|
a_in<27>    |    2.837(R)|      SLOW  |   -1.443(R)|      FAST  |clk_BUFGP         |   0.000|
a_in<28>    |    2.104(R)|      SLOW  |   -0.870(R)|      FAST  |clk_BUFGP         |   0.000|
a_in<29>    |    2.117(R)|      SLOW  |   -0.927(R)|      FAST  |clk_BUFGP         |   0.000|
a_in<30>    |    1.951(R)|      SLOW  |   -0.818(R)|      FAST  |clk_BUFGP         |   0.000|
a_in<31>    |    1.746(R)|      SLOW  |   -0.631(R)|      SLOW  |clk_BUFGP         |   0.000|
a_in<32>    |    1.612(R)|      SLOW  |   -0.377(R)|      SLOW  |clk_BUFGP         |   0.000|
a_in<33>    |    1.736(R)|      SLOW  |   -0.493(R)|      SLOW  |clk_BUFGP         |   0.000|
a_in<34>    |    1.574(R)|      SLOW  |   -0.341(R)|      SLOW  |clk_BUFGP         |   0.000|
a_in<35>    |    1.443(R)|      SLOW  |   -0.214(R)|      SLOW  |clk_BUFGP         |   0.000|
a_in<36>    |    1.243(R)|      SLOW  |   -0.167(R)|      SLOW  |clk_BUFGP         |   0.000|
a_in<37>    |    1.499(R)|      SLOW  |   -0.408(R)|      SLOW  |clk_BUFGP         |   0.000|
a_in<38>    |    1.291(R)|      SLOW  |   -0.211(R)|      SLOW  |clk_BUFGP         |   0.000|
a_in<39>    |    0.888(R)|      SLOW  |    0.171(R)|      SLOW  |clk_BUFGP         |   0.000|
a_in<40>    |    1.344(R)|      SLOW  |   -0.124(R)|      SLOW  |clk_BUFGP         |   0.000|
a_in<41>    |    1.021(R)|      SLOW  |    0.183(R)|      SLOW  |clk_BUFGP         |   0.000|
a_in<42>    |    0.996(R)|      SLOW  |    0.204(R)|      SLOW  |clk_BUFGP         |   0.000|
a_in<43>    |    1.039(R)|      SLOW  |    0.165(R)|      SLOW  |clk_BUFGP         |   0.000|
a_in<44>    |    1.001(R)|      SLOW  |    0.201(R)|      SLOW  |clk_BUFGP         |   0.000|
a_in<45>    |    0.838(R)|      SLOW  |    0.357(R)|      SLOW  |clk_BUFGP         |   0.000|
a_in<46>    |    1.006(R)|      SLOW  |    0.198(R)|      SLOW  |clk_BUFGP         |   0.000|
a_in<47>    |    1.344(R)|      SLOW  |   -0.122(R)|      SLOW  |clk_BUFGP         |   0.000|
a_in<48>    |    0.935(R)|      SLOW  |    0.266(R)|      SLOW  |clk_BUFGP         |   0.000|
a_in<49>    |    0.788(R)|      SLOW  |    0.404(R)|      SLOW  |clk_BUFGP         |   0.000|
a_in<50>    |    0.610(R)|      SLOW  |    0.573(R)|      SLOW  |clk_BUFGP         |   0.000|
a_in<51>    |    0.506(R)|      SLOW  |    0.671(R)|      SLOW  |clk_BUFGP         |   0.000|
a_in<52>    |    0.445(R)|      SLOW  |    0.729(R)|      SLOW  |clk_BUFGP         |   0.000|
b_in<0>     |    3.038(R)|      SLOW  |   -1.492(R)|      FAST  |clk_BUFGP         |   0.000|
b_in<1>     |    0.696(R)|      SLOW  |    0.355(R)|      SLOW  |clk_BUFGP         |   0.000|
b_in<2>     |    1.530(R)|      SLOW  |   -0.435(R)|      SLOW  |clk_BUFGP         |   0.000|
b_in<3>     |    1.128(R)|      SLOW  |   -0.052(R)|      SLOW  |clk_BUFGP         |   0.000|
b_in<4>     |    1.512(R)|      SLOW  |   -0.416(R)|      SLOW  |clk_BUFGP         |   0.000|
b_in<5>     |    1.071(R)|      SLOW  |    0.002(R)|      SLOW  |clk_BUFGP         |   0.000|
b_in<6>     |    0.991(R)|      SLOW  |    0.074(R)|      SLOW  |clk_BUFGP         |   0.000|
b_in<7>     |    1.018(R)|      SLOW  |    0.050(R)|      SLOW  |clk_BUFGP         |   0.000|
b_in<8>     |    1.238(R)|      SLOW  |   -0.158(R)|      SLOW  |clk_BUFGP         |   0.000|
b_in<9>     |    1.496(R)|      SLOW  |   -0.392(R)|      SLOW  |clk_BUFGP         |   0.000|
b_in<10>    |    3.571(R)|      SLOW  |   -1.768(R)|      FAST  |clk_BUFGP         |   0.000|
b_in<11>    |    1.465(R)|      SLOW  |   -0.366(R)|      SLOW  |clk_BUFGP         |   0.000|
b_in<12>    |    1.636(R)|      SLOW  |   -0.525(R)|      SLOW  |clk_BUFGP         |   0.000|
b_in<13>    |    1.696(R)|      SLOW  |   -0.583(R)|      SLOW  |clk_BUFGP         |   0.000|
b_in<14>    |    1.578(R)|      SLOW  |   -0.480(R)|      SLOW  |clk_BUFGP         |   0.000|
b_in<15>    |    1.381(R)|      SLOW  |   -0.296(R)|      SLOW  |clk_BUFGP         |   0.000|
b_in<16>    |    1.562(R)|      SLOW  |   -0.471(R)|      SLOW  |clk_BUFGP         |   0.000|
b_in<17>    |    1.418(R)|      SLOW  |   -0.330(R)|      SLOW  |clk_BUFGP         |   0.000|
b_in<18>    |    2.704(R)|      SLOW  |   -1.312(R)|      FAST  |clk_BUFGP         |   0.000|
b_in<19>    |    2.238(R)|      SLOW  |   -1.110(R)|      FAST  |clk_BUFGP         |   0.000|
b_in<20>    |    6.515(R)|      SLOW  |   -3.439(R)|      FAST  |clk_BUFGP         |   0.000|
b_in<21>    |    6.065(R)|      SLOW  |   -3.275(R)|      FAST  |clk_BUFGP         |   0.000|
b_in<22>    |    6.101(R)|      SLOW  |   -3.355(R)|      FAST  |clk_BUFGP         |   0.000|
b_in<23>    |    6.067(R)|      SLOW  |   -3.274(R)|      FAST  |clk_BUFGP         |   0.000|
b_in<24>    |    5.710(R)|      SLOW  |   -3.128(R)|      FAST  |clk_BUFGP         |   0.000|
b_in<25>    |    4.790(R)|      SLOW  |   -2.685(R)|      FAST  |clk_BUFGP         |   0.000|
b_in<26>    |    5.875(R)|      SLOW  |   -3.234(R)|      FAST  |clk_BUFGP         |   0.000|
b_in<27>    |    5.201(R)|      SLOW  |   -2.932(R)|      FAST  |clk_BUFGP         |   0.000|
b_in<28>    |    5.698(R)|      SLOW  |   -3.140(R)|      FAST  |clk_BUFGP         |   0.000|
b_in<29>    |    5.227(R)|      SLOW  |   -2.932(R)|      FAST  |clk_BUFGP         |   0.000|
b_in<30>    |    5.086(R)|      SLOW  |   -2.673(R)|      FAST  |clk_BUFGP         |   0.000|
b_in<31>    |    5.238(R)|      SLOW  |   -2.850(R)|      FAST  |clk_BUFGP         |   0.000|
b_in<32>    |    5.474(R)|      SLOW  |   -2.877(R)|      FAST  |clk_BUFGP         |   0.000|
b_in<33>    |    5.407(R)|      SLOW  |   -2.948(R)|      FAST  |clk_BUFGP         |   0.000|
b_in<34>    |    5.212(R)|      SLOW  |   -2.743(R)|      FAST  |clk_BUFGP         |   0.000|
b_in<35>    |    4.807(R)|      SLOW  |   -2.675(R)|      FAST  |clk_BUFGP         |   0.000|
b_in<36>    |    5.230(R)|      SLOW  |   -2.829(R)|      FAST  |clk_BUFGP         |   0.000|
b_in<37>    |    4.914(R)|      SLOW  |   -2.742(R)|      FAST  |clk_BUFGP         |   0.000|
b_in<38>    |    4.858(R)|      SLOW  |   -2.657(R)|      FAST  |clk_BUFGP         |   0.000|
b_in<39>    |    4.680(R)|      SLOW  |   -2.593(R)|      FAST  |clk_BUFGP         |   0.000|
b_in<40>    |    5.465(R)|      SLOW  |   -2.902(R)|      FAST  |clk_BUFGP         |   0.000|
b_in<41>    |    4.582(R)|      SLOW  |   -2.463(R)|      FAST  |clk_BUFGP         |   0.000|
b_in<42>    |    4.603(R)|      SLOW  |   -2.399(R)|      FAST  |clk_BUFGP         |   0.000|
b_in<43>    |    4.194(R)|      SLOW  |   -2.266(R)|      FAST  |clk_BUFGP         |   0.000|
b_in<44>    |    4.764(R)|      SLOW  |   -2.464(R)|      FAST  |clk_BUFGP         |   0.000|
b_in<45>    |    6.222(R)|      SLOW  |   -3.290(R)|      FAST  |clk_BUFGP         |   0.000|
b_in<46>    |    4.596(R)|      SLOW  |   -2.447(R)|      FAST  |clk_BUFGP         |   0.000|
b_in<47>    |    3.998(R)|      SLOW  |   -2.111(R)|      FAST  |clk_BUFGP         |   0.000|
b_in<48>    |    4.348(R)|      SLOW  |   -2.354(R)|      FAST  |clk_BUFGP         |   0.000|
b_in<49>    |    3.760(R)|      SLOW  |   -2.003(R)|      FAST  |clk_BUFGP         |   0.000|
b_in<50>    |    4.575(R)|      SLOW  |   -2.392(R)|      FAST  |clk_BUFGP         |   0.000|
b_in<51>    |    4.075(R)|      SLOW  |   -2.172(R)|      FAST  |clk_BUFGP         |   0.000|
b_in<52>    |    5.204(R)|      SLOW  |   -2.799(R)|      FAST  |clk_BUFGP         |   0.000|
reset       |    8.379(R)|      SLOW  |   -1.698(R)|      FAST  |clk_BUFGP         |   0.000|
start       |   10.058(R)|      SLOW  |   -1.741(R)|      FAST  |clk_BUFGP         |   0.000|
------------+------------+------------+------------+------------+------------------+--------+

Clock clk to Pad
------------+-----------------+------------+-----------------+------------+------------------+--------+
            |Max (slowest) clk|  Process   |Min (fastest) clk|  Process   |                  | Clock  |
Destination |  (edge) to PAD  |   Corner   |  (edge) to PAD  |   Corner   |Internal Clock(s) | Phase  |
------------+-----------------+------------+-----------------+------------+------------------+--------+
ready       |        15.214(R)|      SLOW  |         7.228(R)|      FAST  |clk_BUFGP         |   0.000|
sum_out<0>  |        13.780(R)|      SLOW  |         6.499(R)|      FAST  |clk_BUFGP         |   0.000|
sum_out<1>  |        13.775(R)|      SLOW  |         6.509(R)|      FAST  |clk_BUFGP         |   0.000|
sum_out<2>  |        13.356(R)|      SLOW  |         6.284(R)|      FAST  |clk_BUFGP         |   0.000|
sum_out<3>  |        13.171(R)|      SLOW  |         6.185(R)|      FAST  |clk_BUFGP         |   0.000|
sum_out<4>  |        13.754(R)|      SLOW  |         6.557(R)|      FAST  |clk_BUFGP         |   0.000|
sum_out<5>  |        13.579(R)|      SLOW  |         6.421(R)|      FAST  |clk_BUFGP         |   0.000|
sum_out<6>  |        13.328(R)|      SLOW  |         6.256(R)|      FAST  |clk_BUFGP         |   0.000|
sum_out<7>  |        13.318(R)|      SLOW  |         6.246(R)|      FAST  |clk_BUFGP         |   0.000|
sum_out<8>  |        13.357(R)|      SLOW  |         6.268(R)|      FAST  |clk_BUFGP         |   0.000|
sum_out<9>  |        13.403(R)|      SLOW  |         6.288(R)|      FAST  |clk_BUFGP         |   0.000|
sum_out<10> |        13.373(R)|      SLOW  |         6.260(R)|      FAST  |clk_BUFGP         |   0.000|
sum_out<11> |        13.113(R)|      SLOW  |         6.132(R)|      FAST  |clk_BUFGP         |   0.000|
sum_out<12> |        13.187(R)|      SLOW  |         6.162(R)|      FAST  |clk_BUFGP         |   0.000|
sum_out<13> |        12.906(R)|      SLOW  |         6.033(R)|      FAST  |clk_BUFGP         |   0.000|
sum_out<14> |        12.975(R)|      SLOW  |         6.095(R)|      FAST  |clk_BUFGP         |   0.000|
sum_out<15> |        12.813(R)|      SLOW  |         5.990(R)|      FAST  |clk_BUFGP         |   0.000|
sum_out<16> |        12.995(R)|      SLOW  |         6.111(R)|      FAST  |clk_BUFGP         |   0.000|
sum_out<17> |        12.964(R)|      SLOW  |         6.085(R)|      FAST  |clk_BUFGP         |   0.000|
sum_out<18> |        12.964(R)|      SLOW  |         6.085(R)|      FAST  |clk_BUFGP         |   0.000|
sum_out<19> |        12.750(R)|      SLOW  |         5.964(R)|      FAST  |clk_BUFGP         |   0.000|
sum_out<20> |        12.952(R)|      SLOW  |         6.018(R)|      FAST  |clk_BUFGP         |   0.000|
sum_out<21> |        12.883(R)|      SLOW  |         6.001(R)|      FAST  |clk_BUFGP         |   0.000|
sum_out<22> |        12.883(R)|      SLOW  |         6.001(R)|      FAST  |clk_BUFGP         |   0.000|
sum_out<23> |        12.738(R)|      SLOW  |         5.912(R)|      FAST  |clk_BUFGP         |   0.000|
sum_out<24> |        12.822(R)|      SLOW  |         5.999(R)|      FAST  |clk_BUFGP         |   0.000|
sum_out<25> |        13.119(R)|      SLOW  |         6.171(R)|      FAST  |clk_BUFGP         |   0.000|
sum_out<26> |        12.928(R)|      SLOW  |         6.051(R)|      FAST  |clk_BUFGP         |   0.000|
sum_out<27> |        13.042(R)|      SLOW  |         6.171(R)|      FAST  |clk_BUFGP         |   0.000|
sum_out<28> |        13.257(R)|      SLOW  |         6.210(R)|      FAST  |clk_BUFGP         |   0.000|
sum_out<29> |        13.025(R)|      SLOW  |         6.116(R)|      FAST  |clk_BUFGP         |   0.000|
sum_out<30> |        13.212(R)|      SLOW  |         6.210(R)|      FAST  |clk_BUFGP         |   0.000|
sum_out<31> |        13.261(R)|      SLOW  |         6.219(R)|      FAST  |clk_BUFGP         |   0.000|
sum_out<32> |        12.935(R)|      SLOW  |         6.042(R)|      FAST  |clk_BUFGP         |   0.000|
sum_out<33> |        12.929(R)|      SLOW  |         6.050(R)|      FAST  |clk_BUFGP         |   0.000|
sum_out<34> |        13.187(R)|      SLOW  |         6.241(R)|      FAST  |clk_BUFGP         |   0.000|
sum_out<35> |        13.254(R)|      SLOW  |         6.234(R)|      FAST  |clk_BUFGP         |   0.000|
sum_out<36> |        13.482(R)|      SLOW  |         6.339(R)|      FAST  |clk_BUFGP         |   0.000|
sum_out<37> |        13.163(R)|      SLOW  |         6.168(R)|      FAST  |clk_BUFGP         |   0.000|
sum_out<38> |        13.378(R)|      SLOW  |         6.268(R)|      FAST  |clk_BUFGP         |   0.000|
sum_out<39> |        13.432(R)|      SLOW  |         6.299(R)|      FAST  |clk_BUFGP         |   0.000|
sum_out<40> |        13.489(R)|      SLOW  |         6.364(R)|      FAST  |clk_BUFGP         |   0.000|
sum_out<41> |        13.693(R)|      SLOW  |         6.467(R)|      FAST  |clk_BUFGP         |   0.000|
sum_out<42> |        13.880(R)|      SLOW  |         6.557(R)|      FAST  |clk_BUFGP         |   0.000|
sum_out<43> |        13.924(R)|      SLOW  |         6.582(R)|      FAST  |clk_BUFGP         |   0.000|
sum_out<44> |        14.033(R)|      SLOW  |         6.656(R)|      FAST  |clk_BUFGP         |   0.000|
sum_out<45> |        14.208(R)|      SLOW  |         6.810(R)|      FAST  |clk_BUFGP         |   0.000|
sum_out<46> |        14.257(R)|      SLOW  |         6.847(R)|      FAST  |clk_BUFGP         |   0.000|
sum_out<47> |        14.332(R)|      SLOW  |         6.847(R)|      FAST  |clk_BUFGP         |   0.000|
sum_out<48> |        14.903(R)|      SLOW  |         7.136(R)|      FAST  |clk_BUFGP         |   0.000|
sum_out<49> |        16.343(R)|      SLOW  |         7.933(R)|      FAST  |clk_BUFGP         |   0.000|
sum_out<50> |        16.343(R)|      SLOW  |         7.933(R)|      FAST  |clk_BUFGP         |   0.000|
sum_out<51> |        16.748(R)|      SLOW  |         8.178(R)|      FAST  |clk_BUFGP         |   0.000|
sum_out<52> |        16.630(R)|      SLOW  |         8.116(R)|      FAST  |clk_BUFGP         |   0.000|
------------+-----------------+------------+-----------------+------------+------------------+--------+

Clock to Setup on destination clock clk
---------------+---------+---------+---------+---------+
               | Src:Rise| Src:Fall| Src:Rise| Src:Fall|
Source Clock   |Dest:Rise|Dest:Rise|Dest:Fall|Dest:Fall|
---------------+---------+---------+---------+---------+
clk            |    4.883|         |         |         |
---------------+---------+---------+---------+---------+


Analysis completed Thu May 01 20:39:27 2025 
--------------------------------------------------------------------------------

Trace Settings:
-------------------------
Trace Settings 

Peak Memory Usage: 384 MB



