Running: C:\Xilinx\14.7\ISE_DS\ISE\bin\nt64\unwrapped\fuse.exe -intstyle ise -incremental -lib secureip -o C:/Users/Alireza/Desktop/CALC/Sev_MUX/Sev_MUX_isim_beh.exe -prj C:/Users/Alireza/Desktop/CALC/Sev_MUX/Sev_MUX_beh.prj work.Sev_MUX 
ISim P.20131013 (signature 0x7708f090)
Number of CPUs detected in this system: 2
Turning on mult-threading, number of parallel sub-compilation jobs: 4 
Determining compilation order of HDL files
Parsing VHDL file "C:/Users/Alireza/Desktop/CALC/Sev_MUX/BCD_Sev.vhd" into library work
Parsing VHDL file "C:/Users/Alireza/Desktop/CALC/Sev_MUX/Sev_MUX.vhd" into library work
Starting static elaboration
Completed static elaboration
Compiling package standard
Compiling package std_logic_1164
Compiling package numeric_std
Compiling architecture behavioral of entity BCD_Sev [bcd_sev_default]
Compiling architecture behavioral of entity sev_mux
Time Resolution for simulation is 1ps.
Waiting for 2 sub-compilation(s) to finish...
Compiled 6 VHDL Units
Built simulation executable C:/Users/Alireza/Desktop/CALC/Sev_MUX/Sev_MUX_isim_beh.exe
Fuse Memory Usage: 34740 KB
Fuse CPU Usage: 623 ms
