Running: /opt/Xilinx/14.7/ISE_DS/ISE/bin/lin64/unwrapped/fuse -intstyle ise -incremental -lib secureip -o /home/thanotos/floating_point/tamrin_5_1_e/FP_MATH_TB_isim_beh.exe -prj /home/thanotos/floating_point/tamrin_5_1_e/FP_MATH_TB_beh.prj work.FP_MATH_TB 
ISim P.20131013 (signature 0xfbc00daa)
Number of CPUs detected in this system: 16
Turning on mult-threading, number of parallel sub-compilation jobs: 32 
Determining compilation order of HDL files
Parsing VHDL file "/home/thanotos/floating_point/tamrin_5_1_e/FP_MULTIPLIER.vhd" into library work
Parsing VHDL file "/home/thanotos/floating_point/tamrin_5_1_e/FP_DIVIDER.vhd" into library work
Parsing VHDL file "/home/thanotos/floating_point/tamrin_5_1_e/FP_MATH_TB.vhd" into library work
Starting static elaboration
Completed static elaboration
Fuse Memory Usage: 101748 KB
Fuse CPU Usage: 490 ms
Compiling package standard
Compiling package std_logic_1164
Compiling package numeric_std
Compiling architecture behavioral of entity FP_MULTIPLIER [fp_multiplier_default]
Compiling architecture behavioral of entity FP_DIVIDER [fp_divider_default]
Compiling architecture test of entity fp_math_tb
Time Resolution for simulation is 1ps.
Waiting for 1 sub-compilation(s) to finish...
Compiled 8 VHDL Units
Built simulation executable /home/thanotos/floating_point/tamrin_5_1_e/FP_MATH_TB_isim_beh.exe
Fuse Memory Usage: 2246308 KB
Fuse CPU Usage: 600 ms
GCC CPU Usage: 1520 ms
