INFO:sim:172 - Generating IP...
WARNING:sim:100 - The Simulation File Type <Behavioral> is not valid for this
   core. Overriding with File Type <structural>.
Customizing IP...
Release 14.7 - Xilinx CORE Generator IP GUI Launcher P.20131013 (nt64)
Copyright (c) 1995-2013 Xilinx, Inc.  All rights reserved.
Finished Customizing.
Generating IP...
Configuring files for VIO_IP root...
Gathering HDL files for VIO_IP root...
Creating XST project for VIO_IP...
Creating XST script file for VIO_IP...
Creating XST instantiation file for VIO_IP...
Running XST for VIO_IP...
XST: HDL Parsing
XST: HDL Elaboration
XST: HDL Synthesis
XST: Advanced HDL Synthesis
XST: Low Level Synthesis
XST: Design Summary
Generating VHDL wrapper
Not generating Verilog wrapper
Creating ISE instantiation template for VIO_IP...
Skipping Verilog instantiation template for VIO_IP...
Finished Generation.
Generating IP instantiation template...
Generating ASY schematic symbol...
INFO:sim:949 - Finished generation of ASY schematic symbol.
Generating SYM schematic symbol for 'VIO_IP'...
Generating metadata file...
Generating ISE project...
XCO file found: VIO_IP.xco
XMDF file found: VIO_IP_xmdf.tcl
Adding C:/Users/Alireza/Desktop/FPGA/ICON_VIO/ipcore_dir/tmp/_cg/VIO_IP.asy
-view all -origin_type imported
Adding C:/Users/Alireza/Desktop/FPGA/ICON_VIO/ipcore_dir/tmp/_cg/VIO_IP.ngc
-view all -origin_type created
Checking file
"C:/Users/Alireza/Desktop/FPGA/ICON_VIO/ipcore_dir/tmp/_cg/VIO_IP.ngc" for
project device match ...
File "C:/Users/Alireza/Desktop/FPGA/ICON_VIO/ipcore_dir/tmp/_cg/VIO_IP.ngc"
device information matches project device.
Adding C:/Users/Alireza/Desktop/FPGA/ICON_VIO/ipcore_dir/tmp/_cg/VIO_IP.vhd
-view all -origin_type created
INFO:HDLCompiler:1061 - Parsing VHDL file
   "C:/Users/Alireza/Desktop/FPGA/ICON_VIO/ipcore_dir/tmp/_cg/VIO_IP.vhd" into
   library work
INFO:ProjectMgmt - Parsing design hierarchy completed successfully.
Adding C:/Users/Alireza/Desktop/FPGA/ICON_VIO/ipcore_dir/tmp/_cg/VIO_IP.vho
-view all -origin_type imported
INFO:TclTasksC:2116 - The automatic calculation of top has been turned-off.
   Please set the new top explicitly by running the "project set top" command.
   To re-calculate the new top automatically, set the "Auto Implementation Top"
   property to true.
Top level has been set to "/VIO_IP"
Generating README file...
Generating FLIST file...
INFO:sim:948 - Finished FLIST file generation.
Launching README viewer...
Moving files to output directory...
Finished moving files to output directory
Wrote CGP file for project 'VIO_IP'.
