Release 14.7 - xst P.20131013 (lin64)
Copyright (c) 1995-2013 Xilinx, Inc.  All rights reserved.
--> 
Parameter TMPDIR set to xst/projnav.tmp


Total REAL time to Xst completion: 0.00 secs
Total CPU time to Xst completion: 0.02 secs
 
--> 
Parameter xsthdpdir set to xst


Total REAL time to Xst completion: 0.00 secs
Total CPU time to Xst completion: 0.02 secs
 
--> 
Reading design: Adder_61bit.prj

TABLE OF CONTENTS
  1) Synthesis Options Summary
  2) HDL Parsing
  3) HDL Elaboration
  4) HDL Synthesis
       4.1) HDL Synthesis Report
  5) Advanced HDL Synthesis
       5.1) Advanced HDL Synthesis Report
  6) Low Level Synthesis
  7) Partition Report
  8) Design Summary
       8.1) Primitive and Black Box Usage
       8.2) Device utilization summary
       8.3) Partition Resource Summary
       8.4) Timing Report
            8.4.1) Clock Information
            8.4.2) Asynchronous Control Signals Information
            8.4.3) Timing Summary
            8.4.4) Timing Details
            8.4.5) Cross Clock Domains Report


=========================================================================
*                      Synthesis Options Summary                        *
=========================================================================
---- Source Parameters
Input File Name                    : "Adder_61bit.prj"
Ignore Synthesis Constraint File   : NO

---- Target Parameters
Output File Name                   : "Adder_61bit"
Output Format                      : NGC
Target Device                      : xc6slx150t-3-fgg676

---- Source Options
Top Module Name                    : Adder_61bit
Automatic FSM Extraction           : YES
FSM Encoding Algorithm             : Auto
Safe Implementation                : No
FSM Style                          : LUT
RAM Extraction                     : Yes
RAM Style                          : Auto
ROM Extraction                     : Yes
Shift Register Extraction          : YES
ROM Style                          : Auto
Resource Sharing                   : YES
Asynchronous To Synchronous        : NO
Shift Register Minimum Size        : 2
Use DSP Block                      : Auto
Automatic Register Balancing       : No

---- Target Options
LUT Combining                      : Auto
Reduce Control Sets                : Auto
Add IO Buffers                     : YES
Global Maximum Fanout              : 100000
Add Generic Clock Buffer(BUFG)     : 16
Register Duplication               : YES
Optimize Instantiated Primitives   : NO
Use Clock Enable                   : Auto
Use Synchronous Set                : Auto
Use Synchronous Reset              : Auto
Pack IO Registers into IOBs        : Auto
Equivalent register Removal        : YES

---- General Options
Optimization Goal                  : Speed
Optimization Effort                : 1
Power Reduction                    : NO
Keep Hierarchy                     : No
Netlist Hierarchy                  : As_Optimized
RTL Output                         : Yes
Global Optimization                : AllClockNets
Read Cores                         : YES
Write Timing Constraints           : NO
Cross Clock Analysis               : NO
Hierarchy Separator                : /
Bus Delimiter                      : <>
Case Specifier                     : Maintain
Slice Utilization Ratio            : 100
BRAM Utilization Ratio             : 100
DSP48 Utilization Ratio            : 100
Auto BRAM Packing                  : NO
Slice Utilization Ratio Delta      : 5

=========================================================================


=========================================================================
*                          HDL Parsing                                  *
=========================================================================
Parsing VHDL file "/home/thanotos/Desktop/Fulladder_61_bit/FA_1bit.vhd" into library work
Parsing entity <FA_1bit>.
Parsing architecture <Behavioral> of entity <fa_1bit>.
Parsing VHDL file "/home/thanotos/Desktop/Fulladder_61_bit/FA_4bit.vhd" into library work
Parsing entity <FA_4bit>.
Parsing architecture <Behavioral> of entity <fa_4bit>.
Parsing VHDL file "/home/thanotos/Desktop/Fulladder_61_bit/Adder_61bit.vhd" into library work
Parsing entity <Adder_61bit>.
Parsing architecture <Behavioral> of entity <adder_61bit>.

=========================================================================
*                            HDL Elaboration                            *
=========================================================================

Elaborating entity <Adder_61bit> (architecture <Behavioral>) from library <work>.

Elaborating entity <FA_4bit> (architecture <Behavioral>) from library <work>.

Elaborating entity <FA_1bit> (architecture <Behavioral>) from library <work>.

=========================================================================
*                           HDL Synthesis                               *
=========================================================================

Synthesizing Unit <Adder_61bit>.
    Related source file is "/home/thanotos/Desktop/Fulladder_61_bit/Adder_61bit.vhd".
    Summary:
	no macro.
Unit <Adder_61bit> synthesized.

Synthesizing Unit <FA_4bit>.
    Related source file is "/home/thanotos/Desktop/Fulladder_61_bit/FA_4bit.vhd".
    Summary:
	no macro.
Unit <FA_4bit> synthesized.

Synthesizing Unit <FA_1bit>.
    Related source file is "/home/thanotos/Desktop/Fulladder_61_bit/FA_1bit.vhd".
    Summary:
Unit <FA_1bit> synthesized.

=========================================================================
HDL Synthesis Report

Macro Statistics
# Xors                                                 : 122
 1-bit xor2                                            : 122

=========================================================================

=========================================================================
*                       Advanced HDL Synthesis                          *
=========================================================================


=========================================================================
Advanced HDL Synthesis Report

Macro Statistics
# Xors                                                 : 122
 1-bit xor2                                            : 122

=========================================================================

=========================================================================
*                         Low Level Synthesis                           *
=========================================================================

Optimizing unit <Adder_61bit> ...

Mapping all equations...
Building and optimizing final netlist ...
Found area constraint ratio of 100 (+ 5) on block Adder_61bit, actual ratio is 0.

Final Macro Processing ...

=========================================================================
Final Register Report

Found no macro
=========================================================================

=========================================================================
*                           Partition Report                            *
=========================================================================

Partition Implementation Status
-------------------------------

  No Partitions were found in this design.

-------------------------------

=========================================================================
*                            Design Summary                             *
=========================================================================

Top Level Output File Name         : Adder_61bit.ngc

Primitive and Black Box Usage:
------------------------------
# BELS                             : 92
#      LUT2                        : 1
#      LUT3                        : 31
#      LUT4                        : 1
#      LUT5                        : 57
#      LUT6                        : 2
# IO Buffers                       : 184
#      IBUF                        : 122
#      OBUF                        : 62

Device utilization summary:
---------------------------

Selected Device : 6slx150tfgg676-3 


Slice Logic Utilization: 
 Number of Slice LUTs:                   92  out of  92152     0%  
    Number used as Logic:                92  out of  92152     0%  

Slice Logic Distribution: 
 Number of LUT Flip Flop pairs used:     92
   Number with an unused Flip Flop:      92  out of     92   100%  
   Number with an unused LUT:             0  out of     92     0%  
   Number of fully used LUT-FF pairs:     0  out of     92     0%  
   Number of unique control sets:         0

IO Utilization: 
 Number of IOs:                         184
 Number of bonded IOBs:                 184  out of    396    46%  

Specific Feature Utilization:

---------------------------
Partition Resource Summary:
---------------------------

  No Partitions were found in this design.

---------------------------


=========================================================================
Timing Report

NOTE: THESE TIMING NUMBERS ARE ONLY A SYNTHESIS ESTIMATE.
      FOR ACCURATE TIMING INFORMATION PLEASE REFER TO THE TRACE REPORT
      GENERATED AFTER PLACE-and-ROUTE.

Clock Information:
------------------
No clock signals found in this design

Asynchronous Control Signals Information:
----------------------------------------
No asynchronous control signals found in this design

Timing Summary:
---------------
Speed Grade: -3

   Minimum period: No path found
   Minimum input arrival time before clock: No path found
   Maximum output required time after clock: No path found
   Maximum combinational path delay: 34.236ns

Timing Details:
---------------
All values displayed in nanoseconds (ns)

=========================================================================
Timing constraint: Default path analysis
  Total number of paths / destination ports: 3904 / 62
-------------------------------------------------------------------------
Delay:               34.236ns (Levels of Logic = 33)
  Source:            A<2> (PAD)
  Destination:       Cout (PAD)

  Data Path: A<2> to Cout
                                Gate     Net
    Cell:in->out      fanout   Delay   Delay  Logical Name (Net Name)
    ----------------------------------------  ------------
     IBUF:I->O             2   1.222   0.981  A_2_IBUF (A_2_IBUF)
     LUT6:I0->O            3   0.203   0.755  GEN_4BIT[0].FA4_inst/FA2/Cout1 (GEN_4BIT[0].FA4_inst/c<2>)
     LUT5:I3->O            3   0.203   0.755  GEN_4BIT[1].FA4_inst/FA0/Cout1 (GEN_4BIT[1].FA4_inst/c<0>)
     LUT5:I3->O            3   0.203   0.755  GEN_4BIT[1].FA4_inst/FA2/Cout1 (GEN_4BIT[1].FA4_inst/c<2>)
     LUT5:I3->O            3   0.203   0.755  GEN_4BIT[2].FA4_inst/FA0/Cout1 (GEN_4BIT[2].FA4_inst/c<0>)
     LUT5:I3->O            3   0.203   0.755  GEN_4BIT[2].FA4_inst/FA2/Cout1 (GEN_4BIT[2].FA4_inst/c<2>)
     LUT5:I3->O            3   0.203   0.755  GEN_4BIT[3].FA4_inst/FA0/Cout1 (GEN_4BIT[3].FA4_inst/c<0>)
     LUT5:I3->O            3   0.203   0.755  GEN_4BIT[3].FA4_inst/FA2/Cout1 (GEN_4BIT[3].FA4_inst/c<2>)
     LUT5:I3->O            3   0.203   0.755  GEN_4BIT[4].FA4_inst/FA0/Cout1 (GEN_4BIT[4].FA4_inst/c<0>)
     LUT5:I3->O            3   0.203   0.755  GEN_4BIT[4].FA4_inst/FA2/Cout1 (GEN_4BIT[4].FA4_inst/c<2>)
     LUT5:I3->O            3   0.203   0.755  GEN_4BIT[5].FA4_inst/FA0/Cout1 (GEN_4BIT[5].FA4_inst/c<0>)
     LUT5:I3->O            3   0.203   0.755  GEN_4BIT[5].FA4_inst/FA2/Cout1 (GEN_4BIT[5].FA4_inst/c<2>)
     LUT5:I3->O            3   0.203   0.755  GEN_4BIT[6].FA4_inst/FA0/Cout1 (GEN_4BIT[6].FA4_inst/c<0>)
     LUT5:I3->O            3   0.203   0.755  GEN_4BIT[6].FA4_inst/FA2/Cout1 (GEN_4BIT[6].FA4_inst/c<2>)
     LUT5:I3->O            3   0.203   0.755  GEN_4BIT[7].FA4_inst/FA0/Cout1 (GEN_4BIT[7].FA4_inst/c<0>)
     LUT5:I3->O            3   0.203   0.755  GEN_4BIT[7].FA4_inst/FA2/Cout1 (GEN_4BIT[7].FA4_inst/c<2>)
     LUT5:I3->O            3   0.203   0.755  GEN_4BIT[8].FA4_inst/FA0/Cout1 (GEN_4BIT[8].FA4_inst/c<0>)
     LUT5:I3->O            3   0.203   0.755  GEN_4BIT[8].FA4_inst/FA2/Cout1 (GEN_4BIT[8].FA4_inst/c<2>)
     LUT5:I3->O            3   0.203   0.755  GEN_4BIT[9].FA4_inst/FA0/Cout1 (GEN_4BIT[9].FA4_inst/c<0>)
     LUT5:I3->O            3   0.203   0.755  GEN_4BIT[9].FA4_inst/FA2/Cout1 (GEN_4BIT[9].FA4_inst/c<2>)
     LUT3:I1->O            2   0.203   0.721  GEN_4BIT[9].FA4_inst/FA3/Cout1 (carry<10>)
     LUT5:I3->O            3   0.203   0.755  GEN_4BIT[10].FA4_inst/FA1/Cout1 (GEN_4BIT[10].FA4_inst/c<1>)
     LUT5:I3->O            3   0.203   0.755  GEN_4BIT[10].FA4_inst/FA3/Cout1 (carry<11>)
     LUT5:I3->O            3   0.203   0.755  GEN_4BIT[11].FA4_inst/FA1/Cout1 (GEN_4BIT[11].FA4_inst/c<1>)
     LUT5:I3->O            3   0.203   0.755  GEN_4BIT[11].FA4_inst/FA3/Cout1 (carry<12>)
     LUT5:I3->O            3   0.203   0.755  GEN_4BIT[12].FA4_inst/FA1/Cout1 (GEN_4BIT[12].FA4_inst/c<1>)
     LUT5:I3->O            3   0.203   0.755  GEN_4BIT[12].FA4_inst/FA3/Cout1 (carry<13>)
     LUT5:I3->O            3   0.203   0.755  GEN_4BIT[13].FA4_inst/FA1/Cout1 (GEN_4BIT[13].FA4_inst/c<1>)
     LUT5:I3->O            3   0.203   0.755  GEN_4BIT[13].FA4_inst/FA3/Cout1 (carry<14>)
     LUT5:I3->O            3   0.203   0.755  GEN_4BIT[14].FA4_inst/FA1/Cout1 (GEN_4BIT[14].FA4_inst/c<1>)
     LUT5:I3->O            2   0.203   0.721  GEN_4BIT[14].FA4_inst/FA3/Cout1 (carry<15>)
     LUT3:I1->O            1   0.203   0.579  FA1_inst/Cout1 (Cout_OBUF)
     OBUF:I->O                 2.571          Cout_OBUF (Cout)
    ----------------------------------------
    Total                     34.236ns (10.086ns logic, 24.150ns route)
                                       (29.5% logic, 70.5% route)

=========================================================================

Cross Clock Domains Report:
--------------------------

=========================================================================


Total REAL time to Xst completion: 2.00 secs
Total CPU time to Xst completion: 2.32 secs
 
--> 


Total memory usage is 374792 kilobytes

Number of errors   :    0 (   0 filtered)
Number of warnings :    0 (   0 filtered)
Number of infos    :    0 (   0 filtered)

