Release 14.7 Map P.20131013 (nt64)
Xilinx Mapping Report File for Design 'serial_adder'

Design Information
------------------
Command Line   : map -intstyle ise -p xc6slx150t-fgg676-2 -w -logic_opt off -ol
high -t 1 -xt 0 -register_duplication off -r 4 -global_opt off -mt off -ir off
-pr off -lc off -power off -o serial_adder_map.ncd serial_adder.ngd
serial_adder.pcf 
Target Device  : xc6slx150t
Target Package : fgg676
Target Speed   : -2
Mapper Version : spartan6 -- $Revision: 1.55 $
Mapped Date    : Thu May 01 20:38:43 2025

Design Summary
--------------
Number of errors:      0
Number of warnings:    0
Slice Logic Utilization:
  Number of Slice Registers:                   170 out of 184,304    1%
    Number used as Flip Flops:                 170
    Number used as Latches:                      0
    Number used as Latch-thrus:                  0
    Number used as AND/OR logics:                0
  Number of Slice LUTs:                        181 out of  92,152    1%
    Number used as logic:                      181 out of  92,152    1%
      Number using O6 output only:             166
      Number using O5 output only:               0
      Number using O5 and O6:                   15
      Number used as ROM:                        0
    Number used as Memory:                       0 out of  21,680    0%

Slice Logic Distribution:
  Number of occupied Slices:                    75 out of  23,038    1%
  Number of MUXCYs used:                         0 out of  46,076    0%
  Number of LUT Flip Flop pairs used:          185
    Number with an unused Flip Flop:            18 out of     185    9%
    Number with an unused LUT:                   4 out of     185    2%
    Number of fully used LUT-FF pairs:         163 out of     185   88%
    Number of unique control sets:               3
    Number of slice register sites lost
      to control set restrictions:               6 out of 184,304    1%

  A LUT Flip Flop pair for this architecture represents one LUT paired with
  one Flip Flop within a slice.  A control set is a unique combination of
  clock, reset, set, and enable signals for a registered element.
  The Slice Logic Distribution report is not meaningful if the design is
  over-mapped for a non-slice resource or if Placement fails.

IO Utilization:
  Number of bonded IOBs:                       163 out of     396   41%

Specific Feature Utilization:
  Number of RAMB16BWERs:                         0 out of     268    0%
  Number of RAMB8BWERs:                          0 out of     536    0%
  Number of BUFIO2/BUFIO2_2CLKs:                 0 out of      32    0%
  Number of BUFIO2FB/BUFIO2FB_2CLKs:             0 out of      32    0%
  Number of BUFG/BUFGMUXs:                       1 out of      16    6%
    Number used as BUFGs:                        1
    Number used as BUFGMUX:                      0
  Number of DCM/DCM_CLKGENs:                     0 out of      12    0%
  Number of ILOGIC2/ISERDES2s:                   0 out of     586    0%
  Number of IODELAY2/IODRP2/IODRP2_MCBs:         0 out of     586    0%
  Number of OLOGIC2/OSERDES2s:                   0 out of     586    0%
  Number of BSCANs:                              0 out of       4    0%
  Number of BUFHs:                               0 out of     384    0%
  Number of BUFPLLs:                             0 out of       8    0%
  Number of BUFPLL_MCBs:                         0 out of       4    0%
  Number of DSP48A1s:                            0 out of     180    0%
  Number of GTPA1_DUALs:                         0 out of       4    0%
  Number of ICAPs:                               0 out of       1    0%
  Number of MCBs:                                0 out of       4    0%
  Number of PCIE_A1s:                            0 out of       1    0%
  Number of PCILOGICSEs:                         0 out of       2    0%
  Number of PLL_ADVs:                            0 out of       6    0%
  Number of PMVs:                                0 out of       1    0%
  Number of STARTUPs:                            0 out of       1    0%
  Number of SUSPEND_SYNCs:                       0 out of       1    0%

Average Fanout of Non-Clock Nets:                3.94

Peak Memory Usage:  582 MB
Total REAL time to MAP completion:  22 secs 
Total CPU time to MAP completion:   21 secs 

Table of Contents
-----------------
Section 1 - Errors
Section 2 - Warnings
Section 3 - Informational
Section 4 - Removed Logic Summary
Section 5 - Removed Logic
Section 6 - IOB Properties
Section 7 - RPMs
Section 8 - Guide Report
Section 9 - Area Group and Partition Summary
Section 10 - Timing Report
Section 11 - Configuration String Information
Section 12 - Control Set Information
Section 13 - Utilization by Hierarchy

Section 1 - Errors
------------------

Section 2 - Warnings
--------------------
WARNING:Security:42 - Your software subscription period has lapsed. Your current
version of Xilinx tools will continue to function, but you no longer qualify for
Xilinx software updates or new releases.

Section 3 - Informational
-------------------------
INFO:Security:56 - Part 'xc6slx150t' is not a WebPack part.
INFO:MapLib:562 - No environment variables are currently set.
INFO:LIT:244 - All of the single ended outputs in this design are using slew
   rate limited output drivers. The delay on speed critical single ended outputs
   can be dramatically reduced by designating them as fast outputs.
INFO:Pack:1716 - Initializing temperature to 85.000 Celsius. (default - Range:
   0.000 to 85.000 Celsius)
INFO:Pack:1720 - Initializing voltage to 1.140 Volts. (default - Range: 1.140 to
   1.260 Volts)
INFO:Map:215 - The Interim Design Summary has been generated in the MAP Report
   (.mrp).
INFO:Pack:1650 - Map created a placed design.

Section 4 - Removed Logic Summary
---------------------------------

Section 5 - Removed Logic
-------------------------

Section 6 - IOB Properties
--------------------------

+---------------------------------------------------------------------------------------------------------------------------------------------------------+
| IOB Name                           | Type             | Direction | IO Standard          | Diff  | Drive    | Slew | Reg (s)      | Resistor | IOB      |
|                                    |                  |           |                      | Term  | Strength | Rate |              |          | Delay    |
+---------------------------------------------------------------------------------------------------------------------------------------------------------+
| a_in<0>                            | IOB              | INPUT     | LVCMOS25             |       |          |      |              |          |          |
| a_in<1>                            | IOB              | INPUT     | LVCMOS25             |       |          |      |              |          |          |
| a_in<2>                            | IOB              | INPUT     | LVCMOS25             |       |          |      |              |          |          |
| a_in<3>                            | IOB              | INPUT     | LVCMOS25             |       |          |      |              |          |          |
| a_in<4>                            | IOB              | INPUT     | LVCMOS25             |       |          |      |              |          |          |
| a_in<5>                            | IOB              | INPUT     | LVCMOS25             |       |          |      |              |          |          |
| a_in<6>                            | IOB              | INPUT     | LVCMOS25             |       |          |      |              |          |          |
| a_in<7>                            | IOB              | INPUT     | LVCMOS25             |       |          |      |              |          |          |
| a_in<8>                            | IOB              | INPUT     | LVCMOS25             |       |          |      |              |          |          |
| a_in<9>                            | IOB              | INPUT     | LVCMOS25             |       |          |      |              |          |          |
| a_in<10>                           | IOB              | INPUT     | LVCMOS25             |       |          |      |              |          |          |
| a_in<11>                           | IOB              | INPUT     | LVCMOS25             |       |          |      |              |          |          |
| a_in<12>                           | IOB              | INPUT     | LVCMOS25             |       |          |      |              |          |          |
| a_in<13>                           | IOB              | INPUT     | LVCMOS25             |       |          |      |              |          |          |
| a_in<14>                           | IOB              | INPUT     | LVCMOS25             |       |          |      |              |          |          |
| a_in<15>                           | IOB              | INPUT     | LVCMOS25             |       |          |      |              |          |          |
| a_in<16>                           | IOB              | INPUT     | LVCMOS25             |       |          |      |              |          |          |
| a_in<17>                           | IOB              | INPUT     | LVCMOS25             |       |          |      |              |          |          |
| a_in<18>                           | IOB              | INPUT     | LVCMOS25             |       |          |      |              |          |          |
| a_in<19>                           | IOB              | INPUT     | LVCMOS25             |       |          |      |              |          |          |
| a_in<20>                           | IOB              | INPUT     | LVCMOS25             |       |          |      |              |          |          |
| a_in<21>                           | IOB              | INPUT     | LVCMOS25             |       |          |      |              |          |          |
| a_in<22>                           | IOB              | INPUT     | LVCMOS25             |       |          |      |              |          |          |
| a_in<23>                           | IOB              | INPUT     | LVCMOS25             |       |          |      |              |          |          |
| a_in<24>                           | IOB              | INPUT     | LVCMOS25             |       |          |      |              |          |          |
| a_in<25>                           | IOB              | INPUT     | LVCMOS25             |       |          |      |              |          |          |
| a_in<26>                           | IOB              | INPUT     | LVCMOS25             |       |          |      |              |          |          |
| a_in<27>                           | IOB              | INPUT     | LVCMOS25             |       |          |      |              |          |          |
| a_in<28>                           | IOB              | INPUT     | LVCMOS25             |       |          |      |              |          |          |
| a_in<29>                           | IOB              | INPUT     | LVCMOS25             |       |          |      |              |          |          |
| a_in<30>                           | IOB              | INPUT     | LVCMOS25             |       |          |      |              |          |          |
| a_in<31>                           | IOB              | INPUT     | LVCMOS25             |       |          |      |              |          |          |
| a_in<32>                           | IOB              | INPUT     | LVCMOS25             |       |          |      |              |          |          |
| a_in<33>                           | IOB              | INPUT     | LVCMOS25             |       |          |      |              |          |          |
| a_in<34>                           | IOB              | INPUT     | LVCMOS25             |       |          |      |              |          |          |
| a_in<35>                           | IOB              | INPUT     | LVCMOS25             |       |          |      |              |          |          |
| a_in<36>                           | IOB              | INPUT     | LVCMOS25             |       |          |      |              |          |          |
| a_in<37>                           | IOB              | INPUT     | LVCMOS25             |       |          |      |              |          |          |
| a_in<38>                           | IOB              | INPUT     | LVCMOS25             |       |          |      |              |          |          |
| a_in<39>                           | IOB              | INPUT     | LVCMOS25             |       |          |      |              |          |          |
| a_in<40>                           | IOB              | INPUT     | LVCMOS25             |       |          |      |              |          |          |
| a_in<41>                           | IOB              | INPUT     | LVCMOS25             |       |          |      |              |          |          |
| a_in<42>                           | IOB              | INPUT     | LVCMOS25             |       |          |      |              |          |          |
| a_in<43>                           | IOB              | INPUT     | LVCMOS25             |       |          |      |              |          |          |
| a_in<44>                           | IOB              | INPUT     | LVCMOS25             |       |          |      |              |          |          |
| a_in<45>                           | IOB              | INPUT     | LVCMOS25             |       |          |      |              |          |          |
| a_in<46>                           | IOB              | INPUT     | LVCMOS25             |       |          |      |              |          |          |
| a_in<47>                           | IOB              | INPUT     | LVCMOS25             |       |          |      |              |          |          |
| a_in<48>                           | IOB              | INPUT     | LVCMOS25             |       |          |      |              |          |          |
| a_in<49>                           | IOB              | INPUT     | LVCMOS25             |       |          |      |              |          |          |
| a_in<50>                           | IOB              | INPUT     | LVCMOS25             |       |          |      |              |          |          |
| a_in<51>                           | IOB              | INPUT     | LVCMOS25             |       |          |      |              |          |          |
| a_in<52>                           | IOB              | INPUT     | LVCMOS25             |       |          |      |              |          |          |
| b_in<0>                            | IOB              | INPUT     | LVCMOS25             |       |          |      |              |          |          |
| b_in<1>                            | IOB              | INPUT     | LVCMOS25             |       |          |      |              |          |          |
| b_in<2>                            | IOB              | INPUT     | LVCMOS25             |       |          |      |              |          |          |
| b_in<3>                            | IOB              | INPUT     | LVCMOS25             |       |          |      |              |          |          |
| b_in<4>                            | IOB              | INPUT     | LVCMOS25             |       |          |      |              |          |          |
| b_in<5>                            | IOB              | INPUT     | LVCMOS25             |       |          |      |              |          |          |
| b_in<6>                            | IOB              | INPUT     | LVCMOS25             |       |          |      |              |          |          |
| b_in<7>                            | IOB              | INPUT     | LVCMOS25             |       |          |      |              |          |          |
| b_in<8>                            | IOB              | INPUT     | LVCMOS25             |       |          |      |              |          |          |
| b_in<9>                            | IOB              | INPUT     | LVCMOS25             |       |          |      |              |          |          |
| b_in<10>                           | IOB              | INPUT     | LVCMOS25             |       |          |      |              |          |          |
| b_in<11>                           | IOB              | INPUT     | LVCMOS25             |       |          |      |              |          |          |
| b_in<12>                           | IOB              | INPUT     | LVCMOS25             |       |          |      |              |          |          |
| b_in<13>                           | IOB              | INPUT     | LVCMOS25             |       |          |      |              |          |          |
| b_in<14>                           | IOB              | INPUT     | LVCMOS25             |       |          |      |              |          |          |
| b_in<15>                           | IOB              | INPUT     | LVCMOS25             |       |          |      |              |          |          |
| b_in<16>                           | IOB              | INPUT     | LVCMOS25             |       |          |      |              |          |          |
| b_in<17>                           | IOB              | INPUT     | LVCMOS25             |       |          |      |              |          |          |
| b_in<18>                           | IOB              | INPUT     | LVCMOS25             |       |          |      |              |          |          |
| b_in<19>                           | IOB              | INPUT     | LVCMOS25             |       |          |      |              |          |          |
| b_in<20>                           | IOB              | INPUT     | LVCMOS25             |       |          |      |              |          |          |
| b_in<21>                           | IOB              | INPUT     | LVCMOS25             |       |          |      |              |          |          |
| b_in<22>                           | IOB              | INPUT     | LVCMOS25             |       |          |      |              |          |          |
| b_in<23>                           | IOB              | INPUT     | LVCMOS25             |       |          |      |              |          |          |
| b_in<24>                           | IOB              | INPUT     | LVCMOS25             |       |          |      |              |          |          |
| b_in<25>                           | IOB              | INPUT     | LVCMOS25             |       |          |      |              |          |          |
| b_in<26>                           | IOB              | INPUT     | LVCMOS25             |       |          |      |              |          |          |
| b_in<27>                           | IOB              | INPUT     | LVCMOS25             |       |          |      |              |          |          |
| b_in<28>                           | IOB              | INPUT     | LVCMOS25             |       |          |      |              |          |          |
| b_in<29>                           | IOB              | INPUT     | LVCMOS25             |       |          |      |              |          |          |
| b_in<30>                           | IOB              | INPUT     | LVCMOS25             |       |          |      |              |          |          |
| b_in<31>                           | IOB              | INPUT     | LVCMOS25             |       |          |      |              |          |          |
| b_in<32>                           | IOB              | INPUT     | LVCMOS25             |       |          |      |              |          |          |
| b_in<33>                           | IOB              | INPUT     | LVCMOS25             |       |          |      |              |          |          |
| b_in<34>                           | IOB              | INPUT     | LVCMOS25             |       |          |      |              |          |          |
| b_in<35>                           | IOB              | INPUT     | LVCMOS25             |       |          |      |              |          |          |
| b_in<36>                           | IOB              | INPUT     | LVCMOS25             |       |          |      |              |          |          |
| b_in<37>                           | IOB              | INPUT     | LVCMOS25             |       |          |      |              |          |          |
| b_in<38>                           | IOB              | INPUT     | LVCMOS25             |       |          |      |              |          |          |
| b_in<39>                           | IOB              | INPUT     | LVCMOS25             |       |          |      |              |          |          |
| b_in<40>                           | IOB              | INPUT     | LVCMOS25             |       |          |      |              |          |          |
| b_in<41>                           | IOB              | INPUT     | LVCMOS25             |       |          |      |              |          |          |
| b_in<42>                           | IOB              | INPUT     | LVCMOS25             |       |          |      |              |          |          |
| b_in<43>                           | IOB              | INPUT     | LVCMOS25             |       |          |      |              |          |          |
| b_in<44>                           | IOB              | INPUT     | LVCMOS25             |       |          |      |              |          |          |
| b_in<45>                           | IOB              | INPUT     | LVCMOS25             |       |          |      |              |          |          |
| b_in<46>                           | IOB              | INPUT     | LVCMOS25             |       |          |      |              |          |          |
| b_in<47>                           | IOB              | INPUT     | LVCMOS25             |       |          |      |              |          |          |
| b_in<48>                           | IOB              | INPUT     | LVCMOS25             |       |          |      |              |          |          |
| b_in<49>                           | IOB              | INPUT     | LVCMOS25             |       |          |      |              |          |          |
| b_in<50>                           | IOB              | INPUT     | LVCMOS25             |       |          |      |              |          |          |
| b_in<51>                           | IOB              | INPUT     | LVCMOS25             |       |          |      |              |          |          |
| b_in<52>                           | IOB              | INPUT     | LVCMOS25             |       |          |      |              |          |          |
| clk                                | IOB              | INPUT     | LVCMOS25             |       |          |      |              |          |          |
| ready                              | IOB              | OUTPUT    | LVCMOS25             |       | 12       | SLOW |              |          |          |
| reset                              | IOB              | INPUT     | LVCMOS25             |       |          |      |              |          |          |
| start                              | IOB              | INPUT     | LVCMOS25             |       |          |      |              |          |          |
| sum_out<0>                         | IOB              | OUTPUT    | LVCMOS25             |       | 12       | SLOW |              |          |          |
| sum_out<1>                         | IOB              | OUTPUT    | LVCMOS25             |       | 12       | SLOW |              |          |          |
| sum_out<2>                         | IOB              | OUTPUT    | LVCMOS25             |       | 12       | SLOW |              |          |          |
| sum_out<3>                         | IOB              | OUTPUT    | LVCMOS25             |       | 12       | SLOW |              |          |          |
| sum_out<4>                         | IOB              | OUTPUT    | LVCMOS25             |       | 12       | SLOW |              |          |          |
| sum_out<5>                         | IOB              | OUTPUT    | LVCMOS25             |       | 12       | SLOW |              |          |          |
| sum_out<6>                         | IOB              | OUTPUT    | LVCMOS25             |       | 12       | SLOW |              |          |          |
| sum_out<7>                         | IOB              | OUTPUT    | LVCMOS25             |       | 12       | SLOW |              |          |          |
| sum_out<8>                         | IOB              | OUTPUT    | LVCMOS25             |       | 12       | SLOW |              |          |          |
| sum_out<9>                         | IOB              | OUTPUT    | LVCMOS25             |       | 12       | SLOW |              |          |          |
| sum_out<10>                        | IOB              | OUTPUT    | LVCMOS25             |       | 12       | SLOW |              |          |          |
| sum_out<11>                        | IOB              | OUTPUT    | LVCMOS25             |       | 12       | SLOW |              |          |          |
| sum_out<12>                        | IOB              | OUTPUT    | LVCMOS25             |       | 12       | SLOW |              |          |          |
| sum_out<13>                        | IOB              | OUTPUT    | LVCMOS25             |       | 12       | SLOW |              |          |          |
| sum_out<14>                        | IOB              | OUTPUT    | LVCMOS25             |       | 12       | SLOW |              |          |          |
| sum_out<15>                        | IOB              | OUTPUT    | LVCMOS25             |       | 12       | SLOW |              |          |          |
| sum_out<16>                        | IOB              | OUTPUT    | LVCMOS25             |       | 12       | SLOW |              |          |          |
| sum_out<17>                        | IOB              | OUTPUT    | LVCMOS25             |       | 12       | SLOW |              |          |          |
| sum_out<18>                        | IOB              | OUTPUT    | LVCMOS25             |       | 12       | SLOW |              |          |          |
| sum_out<19>                        | IOB              | OUTPUT    | LVCMOS25             |       | 12       | SLOW |              |          |          |
| sum_out<20>                        | IOB              | OUTPUT    | LVCMOS25             |       | 12       | SLOW |              |          |          |
| sum_out<21>                        | IOB              | OUTPUT    | LVCMOS25             |       | 12       | SLOW |              |          |          |
| sum_out<22>                        | IOB              | OUTPUT    | LVCMOS25             |       | 12       | SLOW |              |          |          |
| sum_out<23>                        | IOB              | OUTPUT    | LVCMOS25             |       | 12       | SLOW |              |          |          |
| sum_out<24>                        | IOB              | OUTPUT    | LVCMOS25             |       | 12       | SLOW |              |          |          |
| sum_out<25>                        | IOB              | OUTPUT    | LVCMOS25             |       | 12       | SLOW |              |          |          |
| sum_out<26>                        | IOB              | OUTPUT    | LVCMOS25             |       | 12       | SLOW |              |          |          |
| sum_out<27>                        | IOB              | OUTPUT    | LVCMOS25             |       | 12       | SLOW |              |          |          |
| sum_out<28>                        | IOB              | OUTPUT    | LVCMOS25             |       | 12       | SLOW |              |          |          |
| sum_out<29>                        | IOB              | OUTPUT    | LVCMOS25             |       | 12       | SLOW |              |          |          |
| sum_out<30>                        | IOB              | OUTPUT    | LVCMOS25             |       | 12       | SLOW |              |          |          |
| sum_out<31>                        | IOB              | OUTPUT    | LVCMOS25             |       | 12       | SLOW |              |          |          |
| sum_out<32>                        | IOB              | OUTPUT    | LVCMOS25             |       | 12       | SLOW |              |          |          |
| sum_out<33>                        | IOB              | OUTPUT    | LVCMOS25             |       | 12       | SLOW |              |          |          |
| sum_out<34>                        | IOB              | OUTPUT    | LVCMOS25             |       | 12       | SLOW |              |          |          |
| sum_out<35>                        | IOB              | OUTPUT    | LVCMOS25             |       | 12       | SLOW |              |          |          |
| sum_out<36>                        | IOB              | OUTPUT    | LVCMOS25             |       | 12       | SLOW |              |          |          |
| sum_out<37>                        | IOB              | OUTPUT    | LVCMOS25             |       | 12       | SLOW |              |          |          |
| sum_out<38>                        | IOB              | OUTPUT    | LVCMOS25             |       | 12       | SLOW |              |          |          |
| sum_out<39>                        | IOB              | OUTPUT    | LVCMOS25             |       | 12       | SLOW |              |          |          |
| sum_out<40>                        | IOB              | OUTPUT    | LVCMOS25             |       | 12       | SLOW |              |          |          |
| sum_out<41>                        | IOB              | OUTPUT    | LVCMOS25             |       | 12       | SLOW |              |          |          |
| sum_out<42>                        | IOB              | OUTPUT    | LVCMOS25             |       | 12       | SLOW |              |          |          |
| sum_out<43>                        | IOB              | OUTPUT    | LVCMOS25             |       | 12       | SLOW |              |          |          |
| sum_out<44>                        | IOB              | OUTPUT    | LVCMOS25             |       | 12       | SLOW |              |          |          |
| sum_out<45>                        | IOB              | OUTPUT    | LVCMOS25             |       | 12       | SLOW |              |          |          |
| sum_out<46>                        | IOB              | OUTPUT    | LVCMOS25             |       | 12       | SLOW |              |          |          |
| sum_out<47>                        | IOB              | OUTPUT    | LVCMOS25             |       | 12       | SLOW |              |          |          |
| sum_out<48>                        | IOB              | OUTPUT    | LVCMOS25             |       | 12       | SLOW |              |          |          |
| sum_out<49>                        | IOB              | OUTPUT    | LVCMOS25             |       | 12       | SLOW |              |          |          |
| sum_out<50>                        | IOB              | OUTPUT    | LVCMOS25             |       | 12       | SLOW |              |          |          |
| sum_out<51>                        | IOB              | OUTPUT    | LVCMOS25             |       | 12       | SLOW |              |          |          |
| sum_out<52>                        | IOB              | OUTPUT    | LVCMOS25             |       | 12       | SLOW |              |          |          |
+---------------------------------------------------------------------------------------------------------------------------------------------------------+

Section 7 - RPMs
----------------

Section 8 - Guide Report
------------------------
Guide not run on this design.

Section 9 - Area Group and Partition Summary
--------------------------------------------

Partition Implementation Status
-------------------------------

  No Partitions were found in this design.

-------------------------------

Area Group Information
----------------------

  No area groups were found in this design.

----------------------

Section 10 - Timing Report
--------------------------
A logic-level (pre-route) timing report can be generated by using Xilinx static
timing analysis tools, Timing Analyzer (GUI) or TRCE (command line), with the
mapped NCD and PCF files. Please note that this timing report will be generated
using estimated delay information. For accurate numbers, please generate a
timing report with the post Place and Route NCD file.

For more information about the Timing Analyzer, consult the Xilinx Timing
Analyzer Reference Manual; for more information about TRCE, consult the Xilinx
Command Line Tools User Guide "TRACE" chapter.

Section 11 - Configuration String Details
-----------------------------------------
Use the "-detail" map option to print out Configuration Strings

Section 12 - Control Set Information
------------------------------------
Use the "-detail" map option to print out Control Set Information.

Section 13 - Utilization by Hierarchy
-------------------------------------
Use the "-detail" map option to print out the Utilization by Hierarchy section.
