Running: C:\Xilinx\14.7\ISE_DS\ISE\bin\nt64\unwrapped\fuse.exe -intstyle ise -incremental -lib secureip -o C:/Users/thanotos/Documents/FPGA/BCD2SEG/tb_BCD2SEG_isim_beh.exe -prj C:/Users/thanotos/Documents/FPGA/BCD2SEG/tb_BCD2SEG_beh.prj work.tb_BCD2SEG 
ISim P.20131013 (signature 0x7708f090)
Number of CPUs detected in this system: 4
Turning on mult-threading, number of parallel sub-compilation jobs: 8 
Determining compilation order of HDL files
Parsing VHDL file "C:/Users/thanotos/Documents/FPGA/BCD2SEG/BCD2SEG.vhd" into library work
Parsing VHDL file "C:/Users/thanotos/Documents/FPGA/BCD2SEG/tb_BCD2SEG.vhd" into library work
Starting static elaboration
Completed static elaboration
Compiling package standard
Compiling package std_logic_1164
Compiling package numeric_std
Compiling architecture conditional_arch of entity BCD2SEG [bcd2seg_default]
Compiling architecture behavior of entity tb_bcd2seg
Time Resolution for simulation is 1ps.
Waiting for 1 sub-compilation(s) to finish...
Compiled 6 VHDL Units
Built simulation executable C:/Users/thanotos/Documents/FPGA/BCD2SEG/tb_BCD2SEG_isim_beh.exe
Fuse Memory Usage: 36088 KB
Fuse CPU Usage: 764 ms
